[API-LOG]2024/12/27 16:35:49  <IP: ==> 127.0.0.1> [GET] URL: /api/ping => [code:200 | BusinessCode:20000 => "成功"] lasted:6.159µs
[API-LOG]2024/12/27 16:41:19  <IP: ==> 127.0.0.1> [GET] URL: /api/ping => [code:200 | BusinessCode:20000 => "success"] lasted:4.924µs
[API-LOG]2024/12/27 16:49:18  <IP: ==> 127.0.0.1> [GET] URL: /api/ping => [code:200 | BusinessCode:20000 => "success"] lasted:6.294µs
[API-LOG]2024/12/27 16:49:23  <IP: ==> 127.0.0.1> [GET] URL: /api/ping => [code:200 | BusinessCode:20000 => "success"] lasted:4.992µs
[API-LOG]2024/12/27 16:52:05  <IP: ==> 127.0.0.1> [GET] URL: /api/ping => [code:200 | BusinessCode:20000 => "success"] lasted:5.603µs
[API-LOG]2024/12/27 16:54:35  <IP: ==> 127.0.0.1> [GET] URL: /api/ping => [code:200 | BusinessCode:20000 => "success"] lasted:5.953µs
[API-LOG]2024/12/27 16:54:43  <IP: ==> 127.0.0.1> [GET] URL: /api/ping => [code:200 | BusinessCode:20000 => "success"] lasted:4.865µs
[API-LOG]2024/12/27 17:09:27  <IP: ==> ::1> [POST] URL: /share/list => [code:200 | BusinessCode:20000 => "success"] lasted:179.456µs
[API-LOG]2024/12/27 17:24:00  <IP: ==> ::1> [POST] URL: /share/list => [code:200 | BusinessCode:99999 => "unknown error"] lasted:238.939µs
[API-LOG]2024/12/27 17:24:09  <IP: ==> ::1> [POST] URL: /share/list => [code:200 | BusinessCode:99999 => "unknown error"] lasted:83.459µs
[API-LOG]2024/12/27 17:24:36  <IP: ==> ::1> [POST] URL: /share/list => [code:200 | BusinessCode:99999 => "unknown error"] lasted:268.697µs
[API-LOG]2024/12/27 17:25:13  <IP: ==> ::1> [POST] URL: /share/list => [code:200 | BusinessCode:99999 => "unknown error"] lasted:338.094µs
[API-LOG]2024/12/27 17:27:08  <IP: ==> ::1> [POST] URL: /share/list => [code:200 | BusinessCode:99999 => "unknown error"] lasted:156.898µs
[API-LOG]2024/12/27 17:29:34  <IP: ==> ::1> [POST] URL: /share/list => [code:200 | BusinessCode:99999 => "unknown error"] lasted:252.808µs
[API-LOG]2024/12/27 17:31:20  <IP: ==> ::1> [POST] URL: /share/list => [code:200 | BusinessCode:20000 => "success"] lasted:198.308µs
[API-LOG]2024/12/27 17:32:15  <IP: ==> ::1> [POST] URL: /share/list => [code:200 | BusinessCode:20000 => "success"] lasted:254.399µs
[API-LOG]2024/12/27 17:33:20  <IP: ==> ::1> [POST] URL: /share/list => [code:200 | BusinessCode:20000 => "success"] lasted:328.904µs
[API-LOG]2024/12/27 17:37:15  <IP: ==> ::1> [POST] URL: /share/list => [code:200 | BusinessCode:20000 => "success"] lasted:304.765µs
[API-LOG]2024/12/27 17:37:34  <IP: ==> ::1> [POST] URL: /share/list => [code:200 | BusinessCode:20000 => "success"] lasted:109.248µs
[API-LOG]2024/12/27 17:37:39  <IP: ==> ::1> [POST] URL: /share/list => [code:200 | BusinessCode:20000 => "success"] lasted:59.581µs
[API-LOG]2024/12/27 17:40:20  <IP: ==> ::1> [POST] URL: /share/list => [code:200 | BusinessCode:20000 => "success"] lasted:306.263µs
[API-LOG]2024/12/27 17:40:28  <IP: ==> ::1> [POST] URL: /share/list => [code:200 | BusinessCode:20000 => "success"] lasted:123.715µs
[API-LOG]2024/12/27 17:40:36  <IP: ==> ::1> [POST] URL: /share/list => [code:200 | BusinessCode:20000 => "success"] lasted:124.943µs
[API-LOG]2024/12/27 17:40:46  <IP: ==> ::1> [POST] URL: /share/list => [code:200 | BusinessCode:20000 => "success"] lasted:62.379µs
[API-LOG]2024/12/30 15:26:18  <IP: ==> ::1> [POST] URL: /share/list => [code:200 | BusinessCode:20000 => "success"] lasted:280.356µs
[API-LOG]2024/12/30 15:26:49  <IP: ==> ::1> [POST] URL: /share/list => [code:200 | BusinessCode:40010 => "data format error"] lasted:9.717µs
[API-LOG]2024/12/30 15:26:51  <IP: ==> ::1> [POST] URL: /share/list => [code:200 | BusinessCode:40010 => "data format error"] lasted:36.648µs
[API-LOG]2024/12/30 15:27:11  <IP: ==> ::1> [POST] URL: /share/list => [code:200 | BusinessCode:20000 => "success"] lasted:144.691µs
[API-LOG]2024/12/30 15:27:12  <IP: ==> ::1> [POST] URL: /share/list => [code:200 | BusinessCode:20000 => "success"] lasted:150.499µs
[API-LOG]2024/12/30 15:31:28  <IP: ==> ::1> [POST] URL: /share/list => [code:200 | BusinessCode:20000 => "success"] lasted:122.545µs
[API-LOG]2024/12/30 15:31:30  <IP: ==> ::1> [POST] URL: /share/list => [code:200 | BusinessCode:20000 => "success"] lasted:165.027µs
[API-LOG]2024/12/30 15:31:46  <IP: ==> ::1> [POST] URL: /share/list => [code:200 | BusinessCode:20000 => "success"] lasted:166.416µs
[API-LOG]2024/12/30 15:31:51  <IP: ==> ::1> [POST] URL: /share/list => [code:200 | BusinessCode:20000 => "success"] lasted:117.538µs
[API-LOG]2024/12/30 15:35:21  <IP: ==> ::1> [POST] URL: /share/list => [code:200 | BusinessCode:20000 => "success"] lasted:138.933µs
[API-LOG]2024/12/30 15:35:30  <IP: ==> ::1> [POST] URL: /share/list => [code:200 | BusinessCode:20000 => "success"] lasted:166.111µs
[API-LOG]2024/12/30 15:35:43  <IP: ==> ::1> [POST] URL: /share/list => [code:200 | BusinessCode:20000 => "success"] lasted:181.337µs
[API-LOG]2024/12/30 15:35:46  <IP: ==> ::1> [POST] URL: /share/list => [code:200 | BusinessCode:20000 => "success"] lasted:207.623µs
[API-LOG]2024/12/30 15:39:57  <IP: ==> ::1> [POST] URL: /share/list => [code:200 | BusinessCode:20000 => "success"] lasted:112.315µs
[API-LOG]2024/12/30 15:40:10  <IP: ==> ::1> [POST] URL: /share/list => [code:200 | BusinessCode:20000 => "success"] lasted:161.12µs
[API-LOG]2024/12/30 15:40:17  <IP: ==> ::1> [POST] URL: /share/list => [code:200 | BusinessCode:20000 => "success"] lasted:107.75µs
[API-LOG]2024/12/30 15:40:19  <IP: ==> ::1> [POST] URL: /share/list => [code:200 | BusinessCode:20000 => "success"] lasted:132.296µs
[API-LOG]2024/12/30 15:41:52  <IP: ==> ::1> [POST] URL: /share/list => [code:200 | BusinessCode:20000 => "success"] lasted:154.697µs
[API-LOG]2024/12/30 15:41:54  <IP: ==> ::1> [POST] URL: /share/list => [code:200 | BusinessCode:20000 => "success"] lasted:150.06µs
[API-LOG]2024/12/30 15:42:04  <IP: ==> ::1> [POST] URL: /share/list => [code:200 | BusinessCode:20000 => "success"] lasted:161.264µs
[API-LOG]2024/12/30 15:42:06  <IP: ==> ::1> [POST] URL: /share/list => [code:200 | BusinessCode:20000 => "success"] lasted:145.645µs
[API-LOG]2024/12/30 15:43:34  <IP: ==> ::1> [POST] URL: /share/list => [code:200 | BusinessCode:20000 => "success"] lasted:161.858µs
[API-LOG]2024/12/30 15:43:40  <IP: ==> ::1> [POST] URL: /share/list => [code:200 | BusinessCode:20000 => "success"] lasted:114.299µs
[API-LOG]2024/12/30 15:43:43  <IP: ==> ::1> [POST] URL: /share/list => [code:200 | BusinessCode:20000 => "success"] lasted:191.312µs
[API-LOG]2024/12/30 15:43:48  <IP: ==> ::1> [POST] URL: /share/list => [code:200 | BusinessCode:20000 => "success"] lasted:141.701µs
[API-LOG]2024/12/30 15:44:28  <IP: ==> ::1> [POST] URL: /share/list => [code:200 | BusinessCode:20000 => "success"] lasted:133.503µs
[API-LOG]2024/12/30 15:44:32  <IP: ==> ::1> [POST] URL: /share/list => [code:200 | BusinessCode:20000 => "success"] lasted:136.974µs
[API-LOG]2024/12/30 15:44:35  <IP: ==> ::1> [POST] URL: /share/list => [code:200 | BusinessCode:20000 => "success"] lasted:189.935µs
[API-LOG]2024/12/30 15:45:53  <IP: ==> ::1> [POST] URL: /share/list => [code:200 | BusinessCode:20000 => "success"] lasted:186.396µs
[API-LOG]2024/12/30 15:45:57  <IP: ==> ::1> [POST] URL: /share/list => [code:200 | BusinessCode:20000 => "success"] lasted:187.464µs
[API-LOG]2024/12/30 15:48:14  <IP: ==> ::1> [POST] URL: /share/list => [code:200 | BusinessCode:20000 => "success"] lasted:134.951µs
[API-LOG]2024/12/30 15:48:15  <IP: ==> ::1> [POST] URL: /share/list => [code:200 | BusinessCode:20000 => "success"] lasted:246.464µs
[API-LOG]2024/12/30 15:48:25  <IP: ==> ::1> [POST] URL: /share/list => [code:200 | BusinessCode:20000 => "success"] lasted:130.521µs
[API-LOG]2024/12/30 15:48:26  <IP: ==> ::1> [POST] URL: /share/list => [code:200 | BusinessCode:20000 => "success"] lasted:193.153µs
[API-LOG]2024/12/30 15:48:35  <IP: ==> ::1> [POST] URL: /share/list => [code:200 | BusinessCode:20000 => "success"] lasted:152.169µs
[API-LOG]2024/12/30 15:49:01  <IP: ==> ::1> [POST] URL: /share/list => [code:200 | BusinessCode:20000 => "success"] lasted:107.358µs
[API-LOG]2024/12/30 15:49:35  <IP: ==> ::1> [POST] URL: /share/list => [code:200 | BusinessCode:20000 => "success"] lasted:164.402µs
[API-LOG]2024/12/30 15:49:43  <IP: ==> ::1> [POST] URL: /share/list => [code:200 | BusinessCode:20000 => "success"] lasted:225.304µs
[API-LOG]2024/12/30 15:49:46  <IP: ==> ::1> [POST] URL: /share/list => [code:200 | BusinessCode:20000 => "success"] lasted:178.869µs
[API-LOG]2024/12/30 15:49:47  <IP: ==> ::1> [POST] URL: /share/list => [code:200 | BusinessCode:20000 => "success"] lasted:146.442µs
[API-LOG]2024/12/30 15:49:48  <IP: ==> ::1> [POST] URL: /share/list => [code:200 | BusinessCode:20000 => "success"] lasted:143.211µs
[API-LOG]2024/12/30 15:49:49  <IP: ==> ::1> [POST] URL: /share/list => [code:200 | BusinessCode:20000 => "success"] lasted:107.047µs
[API-LOG]2024/12/30 15:49:51  <IP: ==> ::1> [POST] URL: /share/list => [code:200 | BusinessCode:20000 => "success"] lasted:131.72µs
[API-LOG]2024/12/30 15:49:53  <IP: ==> ::1> [POST] URL: /share/list => [code:200 | BusinessCode:20000 => "success"] lasted:164.465µs
[API-LOG]2024/12/30 15:49:56  <IP: ==> ::1> [POST] URL: /share/list => [code:200 | BusinessCode:20000 => "success"] lasted:138.934µs
[API-LOG]2024/12/30 15:49:58  <IP: ==> ::1> [POST] URL: /share/list => [code:200 | BusinessCode:20000 => "success"] lasted:203.352µs
[API-LOG]2024/12/30 15:49:59  <IP: ==> ::1> [POST] URL: /share/list => [code:200 | BusinessCode:20000 => "success"] lasted:268.948µs
[API-LOG]2024/12/30 15:50:02  <IP: ==> ::1> [POST] URL: /share/list => [code:200 | BusinessCode:20000 => "success"] lasted:155.071µs
[API-LOG]2024/12/30 15:50:13  <IP: ==> ::1> [POST] URL: /share/list => [code:200 | BusinessCode:20000 => "success"] lasted:1.491326ms
[API-LOG]2024/12/30 15:50:14  <IP: ==> ::1> [POST] URL: /share/list => [code:200 | BusinessCode:20000 => "success"] lasted:129.357µs
[API-LOG]2024/12/30 15:50:18  <IP: ==> ::1> [POST] URL: /share/list => [code:200 | BusinessCode:20000 => "success"] lasted:226.266µs
[API-LOG]2024/12/30 15:50:34  <IP: ==> ::1> [POST] URL: /share/list => [code:200 | BusinessCode:20000 => "success"] lasted:223.112µs
[API-LOG]2024/12/30 15:50:44  <IP: ==> ::1> [POST] URL: /share/list => [code:200 | BusinessCode:20000 => "success"] lasted:103.978µs
[API-LOG]2024/12/30 15:50:53  <IP: ==> ::1> [POST] URL: /share/list => [code:200 | BusinessCode:20000 => "success"] lasted:125.681µs
[API-LOG]2024/12/30 15:51:07  <IP: ==> ::1> [POST] URL: /share/list => [code:200 | BusinessCode:20000 => "success"] lasted:209.735µs
[API-LOG]2024/12/30 15:51:11  <IP: ==> ::1> [POST] URL: /share/list => [code:200 | BusinessCode:20000 => "success"] lasted:302.492µs
[API-LOG]2024/12/30 15:51:17  <IP: ==> ::1> [POST] URL: /share/list => [code:200 | BusinessCode:20000 => "success"] lasted:163.01µs
[API-LOG]2024/12/30 15:51:21  <IP: ==> ::1> [POST] URL: /share/list => [code:200 | BusinessCode:20000 => "success"] lasted:137.313µs
[API-LOG]2024/12/30 15:51:25  <IP: ==> ::1> [POST] URL: /share/list => [code:200 | BusinessCode:20000 => "success"] lasted:141.23µs
[API-LOG]2024/12/30 15:51:45  <IP: ==> ::1> [POST] URL: /share/list => [code:200 | BusinessCode:20000 => "success"] lasted:159.044µs
[API-LOG]2024/12/30 15:52:00  <IP: ==> ::1> [POST] URL: /share/list => [code:200 | BusinessCode:20000 => "success"] lasted:222.36µs
[API-LOG]2024/12/30 15:52:09  <IP: ==> ::1> [POST] URL: /share/list => [code:200 | BusinessCode:20000 => "success"] lasted:151.012µs
[API-LOG]2024/12/30 15:52:30  <IP: ==> ::1> [POST] URL: /share/list => [code:200 | BusinessCode:20000 => "success"] lasted:111.848µs
[API-LOG]2024/12/30 15:52:35  <IP: ==> ::1> [POST] URL: /share/list => [code:200 | BusinessCode:20000 => "success"] lasted:145.92µs
[API-LOG]2024/12/30 15:53:43  <IP: ==> ::1> [POST] URL: /share/list => [code:200 | BusinessCode:20000 => "success"] lasted:138.122µs
[API-LOG]2024/12/30 15:53:52  <IP: ==> ::1> [POST] URL: /share/list => [code:200 | BusinessCode:20000 => "success"] lasted:129.754µs
[API-LOG]2024/12/30 15:53:59  <IP: ==> ::1> [POST] URL: /share/list => [code:200 | BusinessCode:20000 => "success"] lasted:121.847µs
[API-LOG]2024/12/30 15:54:07  <IP: ==> ::1> [POST] URL: /share/list => [code:200 | BusinessCode:20000 => "success"] lasted:213.004µs
[API-LOG]2024/12/30 15:54:50  <IP: ==> ::1> [POST] URL: /share/list => [code:200 | BusinessCode:20000 => "success"] lasted:193.951µs
[API-LOG]2024/12/30 15:55:07  <IP: ==> ::1> [POST] URL: /share/list => [code:200 | BusinessCode:20000 => "success"] lasted:116.777µs
[API-LOG]2024/12/30 15:55:16  <IP: ==> ::1> [POST] URL: /share/list => [code:200 | BusinessCode:20000 => "success"] lasted:111.949µs
[API-LOG]2024/12/30 15:55:54  <IP: ==> ::1> [POST] URL: /share/list => [code:200 | BusinessCode:20000 => "success"] lasted:168.689µs
[API-LOG]2024/12/30 15:55:59  <IP: ==> ::1> [POST] URL: /share/list => [code:200 | BusinessCode:20000 => "success"] lasted:138.135µs
[API-LOG]2024/12/30 15:56:17  <IP: ==> ::1> [POST] URL: /share/list => [code:200 | BusinessCode:20000 => "success"] lasted:200.758µs
[API-LOG]2024/12/30 15:56:21  <IP: ==> ::1> [POST] URL: /share/list => [code:200 | BusinessCode:20000 => "success"] lasted:185.743µs
[API-LOG]2024/12/30 15:56:28  <IP: ==> ::1> [POST] URL: /share/list => [code:200 | BusinessCode:20000 => "success"] lasted:128.074µs
[API-LOG]2024/12/30 15:56:30  <IP: ==> ::1> [POST] URL: /share/list => [code:200 | BusinessCode:20000 => "success"] lasted:143.121µs
[API-LOG]2024/12/30 15:56:32  <IP: ==> ::1> [POST] URL: /share/list => [code:200 | BusinessCode:20000 => "success"] lasted:139.707µs
[API-LOG]2024/12/30 15:56:35  <IP: ==> ::1> [POST] URL: /share/list => [code:200 | BusinessCode:20000 => "success"] lasted:140.736µs
[API-LOG]2024/12/30 15:56:42  <IP: ==> ::1> [POST] URL: /share/list => [code:200 | BusinessCode:20000 => "success"] lasted:228.285µs
[API-LOG]2024/12/30 15:57:52  <IP: ==> ::1> [POST] URL: /share/list => [code:200 | BusinessCode:20000 => "success"] lasted:141.793µs
[API-LOG]2024/12/30 15:58:08  <IP: ==> ::1> [POST] URL: /share/list => [code:200 | BusinessCode:20000 => "success"] lasted:216.614µs
[API-LOG]2024/12/30 15:58:12  <IP: ==> ::1> [POST] URL: /share/list => [code:200 | BusinessCode:20000 => "success"] lasted:180.042µs
[API-LOG]2024/12/30 15:59:03  <IP: ==> ::1> [POST] URL: /share/list => [code:200 | BusinessCode:20000 => "success"] lasted:203.582µs
[API-LOG]2024/12/30 15:59:12  <IP: ==> ::1> [POST] URL: /share/list => [code:200 | BusinessCode:20000 => "success"] lasted:181.226µs
[API-LOG]2024/12/30 15:59:13  <IP: ==> ::1> [POST] URL: /share/list => [code:200 | BusinessCode:20000 => "success"] lasted:137.377µs
[API-LOG]2024/12/30 16:00:31  <IP: ==> ::1> [POST] URL: /share/list => [code:200 | BusinessCode:20000 => "success"] lasted:115.321µs
[API-LOG]2024/12/30 16:00:56  <IP: ==> ::1> [POST] URL: /share/list => [code:200 | BusinessCode:20000 => "success"] lasted:165.682µs
[API-LOG]2024/12/30 16:01:06  <IP: ==> ::1> [POST] URL: /share/list => [code:200 | BusinessCode:20000 => "success"] lasted:174.097µs
[API-LOG]2024/12/30 16:01:09  <IP: ==> ::1> [POST] URL: /share/list => [code:200 | BusinessCode:20000 => "success"] lasted:142.618µs
[API-LOG]2024/12/30 16:01:12  <IP: ==> ::1> [POST] URL: /share/list => [code:200 | BusinessCode:20000 => "success"] lasted:120.515µs
[API-LOG]2024/12/30 16:01:15  <IP: ==> ::1> [POST] URL: /share/list => [code:200 | BusinessCode:20000 => "success"] lasted:201.133µs
[API-LOG]2024/12/30 16:01:22  <IP: ==> ::1> [POST] URL: /share/list => [code:200 | BusinessCode:20000 => "success"] lasted:156.596µs
[API-LOG]2024/12/30 16:02:01  <IP: ==> ::1> [POST] URL: /share/list => [code:200 | BusinessCode:20000 => "success"] lasted:122.874µs
[API-LOG]2024/12/30 16:02:07  <IP: ==> ::1> [POST] URL: /share/list => [code:200 | BusinessCode:20000 => "success"] lasted:176.77µs
[API-LOG]2024/12/30 16:02:23  <IP: ==> ::1> [POST] URL: /share/list => [code:200 | BusinessCode:20000 => "success"] lasted:137.687µs
[API-LOG]2024/12/30 16:02:28  <IP: ==> ::1> [POST] URL: /share/list => [code:200 | BusinessCode:20000 => "success"] lasted:131.127µs
[API-LOG]2024/12/30 16:03:28  <IP: ==> ::1> [POST] URL: /share/list => [code:200 | BusinessCode:20000 => "success"] lasted:204.416µs
[API-LOG]2024/12/30 16:03:37  <IP: ==> ::1> [POST] URL: /share/list => [code:200 | BusinessCode:20000 => "success"] lasted:128.663µs
[API-LOG]2024/12/30 16:03:41  <IP: ==> ::1> [POST] URL: /share/list => [code:200 | BusinessCode:20000 => "success"] lasted:213.57µs
[API-LOG]2024/12/30 16:03:45  <IP: ==> ::1> [POST] URL: /share/list => [code:200 | BusinessCode:20000 => "success"] lasted:114.699µs
[API-LOG]2024/12/30 16:03:47  <IP: ==> ::1> [POST] URL: /share/list => [code:200 | BusinessCode:20000 => "success"] lasted:147.65µs
[API-LOG]2024/12/30 16:03:49  <IP: ==> ::1> [POST] URL: /share/list => [code:200 | BusinessCode:20000 => "success"] lasted:199.213µs
[API-LOG]2024/12/30 16:03:51  <IP: ==> ::1> [POST] URL: /share/list => [code:200 | BusinessCode:20000 => "success"] lasted:170.59µs
[API-LOG]2024/12/30 16:03:59  <IP: ==> ::1> [POST] URL: /share/list => [code:200 | BusinessCode:20000 => "success"] lasted:110.374µs
[API-LOG]2024/12/30 16:04:05  <IP: ==> ::1> [POST] URL: /share/list => [code:200 | BusinessCode:20000 => "success"] lasted:108.11µs
[API-LOG]2024/12/30 16:04:19  <IP: ==> ::1> [POST] URL: /share/list => [code:200 | BusinessCode:20000 => "success"] lasted:129.009µs
[API-LOG]2024/12/30 16:04:45  <IP: ==> ::1> [POST] URL: /share/list => [code:200 | BusinessCode:20000 => "success"] lasted:127.615µs
[API-LOG]2024/12/30 16:05:08  <IP: ==> ::1> [POST] URL: /share/list => [code:200 | BusinessCode:20000 => "success"] lasted:184.831µs
[API-LOG]2024/12/30 16:05:09  <IP: ==> ::1> [POST] URL: /share/list => [code:200 | BusinessCode:20000 => "success"] lasted:143.372µs
[API-LOG]2024/12/30 16:05:39  <IP: ==> ::1> [POST] URL: /share/list => [code:200 | BusinessCode:20000 => "success"] lasted:347.436µs
[API-LOG]2024/12/30 16:06:04  <IP: ==> ::1> [POST] URL: /share/list => [code:200 | BusinessCode:20000 => "success"] lasted:118.264µs
[API-LOG]2024/12/30 16:06:20  <IP: ==> ::1> [POST] URL: /share/list => [code:200 | BusinessCode:20000 => "success"] lasted:144.288µs
[API-LOG]2024/12/30 16:06:44  <IP: ==> ::1> [POST] URL: /share/list => [code:200 | BusinessCode:20000 => "success"] lasted:150.142µs
[API-LOG]2024/12/30 16:06:59  <IP: ==> ::1> [POST] URL: /share/list => [code:200 | BusinessCode:20000 => "success"] lasted:115.278µs
[API-LOG]2024/12/30 16:17:53  <IP: ==> ::1> [POST] URL: /share/list => [code:200 | BusinessCode:20000 => "success"] lasted:199.647µs
[API-LOG]2024/12/30 16:19:59  <IP: ==> ::1> [POST] URL: /share/list => [code:200 | BusinessCode:20000 => "success"] lasted:214.392µs
[API-LOG]2024/12/30 16:20:00  <IP: ==> ::1> [POST] URL: /share/list => [code:200 | BusinessCode:20000 => "success"] lasted:132.438µs
[API-LOG]2024/12/30 16:20:01  <IP: ==> ::1> [GET] URL: /download/index?filePath=%2FUsers%2Fmac%2FDocuments%2Ftemp%2Fvite.config.ts => [code:200 | BusinessCode:40010 => "data format error"] lasted:14.726µs
[API-LOG]2024/12/30 16:22:21  <IP: ==> ::1> [POST] URL: /share/list => [code:200 | BusinessCode:20000 => "success"] lasted:270.541µs
[API-LOG]2024/12/30 16:22:53  <IP: ==> ::1> [POST] URL: /share/list => [code:200 | BusinessCode:20000 => "success"] lasted:135.073µs
[API-LOG]2024/12/30 16:22:54  <IP: ==> ::1> [POST] URL: /share/list => [code:200 | BusinessCode:20000 => "success"] lasted:152.255µs
[API-LOG]2024/12/30 16:22:54  <IP: ==> ::1> [POST] URL: /share/list => [code:200 | BusinessCode:20000 => "success"] lasted:152.59µs
[API-LOG]2024/12/30 16:22:55  <IP: ==> ::1> [POST] URL: /share/list => [code:200 | BusinessCode:20000 => "success"] lasted:132.764µs
[API-LOG]2024/12/30 16:24:21  <IP: ==> ::1> [POST] URL: /share/list => [code:200 | BusinessCode:20000 => "success"] lasted:135.777µs
[API-LOG]2024/12/30 16:24:21  <IP: ==> ::1> [POST] URL: /share/list => [code:200 | BusinessCode:20000 => "success"] lasted:140.863µs
[API-LOG]2024/12/30 16:24:22  <IP: ==> ::1> [POST] URL: /share/list => [code:200 | BusinessCode:20000 => "success"] lasted:127.25µs
[API-LOG]2024/12/30 16:24:33  <IP: ==> ::1> [POST] URL: /share/list => [code:200 | BusinessCode:20000 => "success"] lasted:136.003µs
[API-LOG]2024/12/30 16:24:40  <IP: ==> ::1> [POST] URL: /share/list => [code:200 | BusinessCode:20000 => "success"] lasted:140.378µs
[API-LOG]2024/12/30 16:24:41  <IP: ==> ::1> [POST] URL: /share/list => [code:200 | BusinessCode:20000 => "success"] lasted:154.98µs
[API-LOG]2024/12/30 16:24:46  <IP: ==> ::1> [POST] URL: /share/list => [code:200 | BusinessCode:20000 => "success"] lasted:149.472µs
[API-LOG]2024/12/30 16:24:47  <IP: ==> ::1> [POST] URL: /share/list => [code:200 | BusinessCode:20000 => "success"] lasted:140.264µs
[API-LOG]2024/12/30 16:25:09  <IP: ==> ::1> [POST] URL: /share/list => [code:200 | BusinessCode:20000 => "success"] lasted:137.662µs
[API-LOG]2024/12/30 16:25:14  <IP: ==> ::1> [POST] URL: /share/list => [code:200 | BusinessCode:20000 => "success"] lasted:135.45µs
[API-LOG]2024/12/30 16:25:27  <IP: ==> ::1> [POST] URL: /share/list => [code:200 | BusinessCode:20000 => "success"] lasted:111.534µs
[API-LOG]2024/12/30 16:25:27  <IP: ==> ::1> [POST] URL: /share/list => [code:200 | BusinessCode:20000 => "success"] lasted:156.778µs
[API-LOG]2024/12/30 16:25:34  <IP: ==> ::1> [POST] URL: /share/list => [code:200 | BusinessCode:20000 => "success"] lasted:159.245µs
[API-LOG]2024/12/30 16:25:39  <IP: ==> ::1> [POST] URL: /share/list => [code:200 | BusinessCode:20000 => "success"] lasted:167.579µs
[API-LOG]2024/12/30 16:25:39  <IP: ==> ::1> [POST] URL: /share/list => [code:200 | BusinessCode:20000 => "success"] lasted:177.236µs
[API-LOG]2024/12/30 16:26:02  <IP: ==> ::1> [POST] URL: /share/list => [code:200 | BusinessCode:20000 => "success"] lasted:125.771µs
[API-LOG]2024/12/30 16:26:03  <IP: ==> ::1> [POST] URL: /share/list => [code:200 | BusinessCode:20000 => "success"] lasted:141.263µs
[API-LOG]2024/12/30 16:26:36  <IP: ==> ::1> [POST] URL: /share/list => [code:200 | BusinessCode:20000 => "success"] lasted:184.132µs
[API-LOG]2024/12/30 16:26:37  <IP: ==> ::1> [POST] URL: /share/list => [code:200 | BusinessCode:20000 => "success"] lasted:230.663µs
[API-LOG]2024/12/30 16:26:49  <IP: ==> ::1> [POST] URL: /share/list => [code:200 | BusinessCode:20000 => "success"] lasted:120.844µs
[API-LOG]2024/12/30 16:26:52  <IP: ==> ::1> [POST] URL: /share/list => [code:200 | BusinessCode:20000 => "success"] lasted:186.363µs
[API-LOG]2024/12/30 16:27:22  <IP: ==> ::1> [POST] URL: /share/list => [code:200 | BusinessCode:20000 => "success"] lasted:114.893µs
[API-LOG]2024/12/30 16:27:42  <IP: ==> ::1> [POST] URL: /share/list => [code:200 | BusinessCode:20000 => "success"] lasted:188.803µs
[API-LOG]2024/12/30 16:27:43  <IP: ==> ::1> [POST] URL: /share/list => [code:200 | BusinessCode:20000 => "success"] lasted:189.44µs
[API-LOG]2024/12/30 16:27:44  <IP: ==> ::1> [POST] URL: /share/list => [code:200 | BusinessCode:20000 => "success"] lasted:152.459µs
[API-LOG]2024/12/30 16:27:47  <IP: ==> ::1> [POST] URL: /share/list => [code:200 | BusinessCode:20000 => "success"] lasted:256.082µs
[API-LOG]2024/12/30 16:27:47  <IP: ==> ::1> [POST] URL: /share/list => [code:200 | BusinessCode:20000 => "success"] lasted:105.173µs
[API-LOG]2024/12/30 16:27:53  <IP: ==> ::1> [POST] URL: /share/list => [code:200 | BusinessCode:20000 => "success"] lasted:112.022µs
[API-LOG]2024/12/30 16:27:54  <IP: ==> ::1> [POST] URL: /share/list => [code:200 | BusinessCode:20000 => "success"] lasted:185.959µs
[API-LOG]2024/12/30 16:27:57  <IP: ==> ::1> [POST] URL: /share/list => [code:200 | BusinessCode:20000 => "success"] lasted:168.75µs
[API-LOG]2024/12/30 16:28:11  <IP: ==> ::1> [POST] URL: /share/list => [code:200 | BusinessCode:20000 => "success"] lasted:115.171µs
[API-LOG]2024/12/30 16:28:11  <IP: ==> ::1> [POST] URL: /share/list => [code:200 | BusinessCode:20000 => "success"] lasted:165.628µs
[API-LOG]2024/12/30 16:28:34  <IP: ==> ::1> [POST] URL: /share/list => [code:200 | BusinessCode:20000 => "success"] lasted:91.088µs
[API-LOG]2024/12/30 16:35:35  <IP: ==> ::1> [POST] URL: /share/list => [code:200 | BusinessCode:20000 => "success"] lasted:327.82µs
[API-LOG]2024/12/30 17:07:13  <IP: ==> 192.168.50.74> [POST] URL: /share/list => [code:200 | BusinessCode:20000 => "success"] lasted:329.582µs
[API-LOG]2024/12/30 17:07:41  <IP: ==> 192.168.50.74> [POST] URL: /share/list => [code:200 | BusinessCode:20000 => "success"] lasted:85.708µs
[API-LOG]2024/12/30 17:09:39  <IP: ==> 192.168.50.74> [POST] URL: /share/list => [code:200 | BusinessCode:20000 => "success"] lasted:167.566µs
[API-LOG]2024/12/30 17:09:49  <IP: ==> 192.168.50.74> [GET] URL: /download/index?filePath=%2FUsers%2Fmac%2FDownloads%2Fwafer-map-1734943911049.png => [code:200 | BusinessCode:50000 => "Failed to open file"] lasted:314.759µs
[API-LOG]2024/12/30 17:09:56  <IP: ==> 192.168.50.74> [GET] URL: /download/index?filePath=%2FUsers%2Fmac%2FDownloads%2Fshadcn-minimal-tiptap-main.zip => [code:200 | BusinessCode:50000 => "Failed to open file"] lasted:207.336µs
[API-LOG]2024/12/30 17:10:14  <IP: ==> 192.168.50.74> [POST] URL: /share/list => [code:200 | BusinessCode:20000 => "success"] lasted:195.664µs
[API-LOG]2024/12/30 17:10:39  <IP: ==> 192.168.50.74> [POST] URL: /share/list => [code:200 | BusinessCode:20000 => "success"] lasted:80.926µs
[API-LOG]2024/12/30 17:10:51  <IP: ==> 192.168.50.74> [POST] URL: /share/list => [code:200 | BusinessCode:20000 => "success"] lasted:157.804µs
[API-LOG]2024/12/30 17:10:54  <IP: ==> 192.168.50.74> [POST] URL: /share/list => [code:200 | BusinessCode:20000 => "success"] lasted:140.891µs
[API-LOG]2024/12/30 17:10:55  <IP: ==> 192.168.50.74> [POST] URL: /share/list => [code:200 | BusinessCode:20000 => "success"] lasted:92.873µs
[API-LOG]2024/12/30 17:11:04  <IP: ==> 192.168.50.74> [POST] URL: /share/list => [code:200 | BusinessCode:20000 => "success"] lasted:100.384µs
[API-LOG]2024/12/30 17:11:46  <IP: ==> ::1> [POST] URL: /share/list => [code:200 | BusinessCode:20000 => "success"] lasted:138.029µs
[API-LOG]2024/12/30 17:11:55  <IP: ==> ::1> [POST] URL: /share/list => [code:200 | BusinessCode:20000 => "success"] lasted:93.168µs
[API-LOG]2024/12/30 17:12:43  <IP: ==> ::1> [POST] URL: /share/list => [code:200 | BusinessCode:20000 => "success"] lasted:287.538µs
[API-LOG]2024/12/30 17:14:01  <IP: ==> 192.168.50.74> [POST] URL: /share/list => [code:200 | BusinessCode:20000 => "success"] lasted:200.98µs
[API-LOG]2024/12/30 17:14:30  <IP: ==> 192.168.50.74> [POST] URL: /share/list => [code:200 | BusinessCode:20000 => "success"] lasted:124.288µs
[API-LOG]2024/12/30 17:19:39  <IP: ==> 192.168.50.74> [POST] URL: /share/list => [code:200 | BusinessCode:20000 => "success"] lasted:262.753µs
